# JRE version: Java(TM) SE Runtime Environment (8.0_77-b03) (build 1.8.0_77-b03)
# Java VM: Java HotSpot(TM) 64-Bit Server VM (25.77-b03 mixed mode windows-amd64 compressed oops)
Heap:
 PSYoungGen      total 434688K, used 71189K [0x00000000d6180000, 0x00000000f4700000, 0x0000000100000000)
  eden space 395776K, 17% used [0x00000000d6180000,0x00000000da705708,0x00000000ee400000)
  from space 38912K, 0% used [0x00000000ee400000,0x00000000ee400000,0x00000000f0a00000)
  to   space 39424K, 0% used [0x00000000f2080000,0x00000000f2080000,0x00000000f4700000)
 ParOldGen       total 258560K, used 82630K [0x0000000082400000, 0x0000000092080000, 0x00000000d6180000)
  object space 258560K, 31% used [0x0000000082400000,0x00000000874b1b70,0x0000000092080000)
 Metaspace       used 97807K, capacity 102186K, committed 102440K, reserved 1138688K
  class space    used 12483K, capacity 13308K, committed 13352K, reserved 1048576K
GC Heap History (10 events):
Event: 19.263 GC heap before
{Heap before GC invocations=17 (full 3):
 PSYoungGen      total 353280K, used 338223K [0x00000000d6180000, 0x00000000efa00000, 0x0000000100000000)
  eden space 325120K, 100% used [0x00000000d6180000,0x00000000e9f00000,0x00000000e9f00000)
  from space 28160K, 46% used [0x00000000e9f00000,0x00000000eabcbcd0,0x00000000eba80000)
  to   space 27136K, 0% used [0x00000000edf80000,0x00000000edf80000,0x00000000efa00000)
 ParOldGen       total 184320K, used 62693K [0x0000000082400000, 0x000000008d800000, 0x00000000d6180000)
  object space 184320K, 34% used [0x0000000082400000,0x00000000861396b0,0x000000008d800000)
 Metaspace       used 82309K, capacity 85464K, committed 85632K, reserved 1124352K
  class space    used 10401K, capacity 11053K, committed 11136K, reserved 1048576K
Event: 19.297 GC heap after
Heap after GC invocations=17 (full 3):
 PSYoungGen      total 385024K, used 27122K [0x00000000d6180000, 0x00000000f0480000, 0x0000000100000000)
  eden space 357888K, 0% used [0x00000000d6180000,0x00000000d6180000,0x00000000ebf00000)
  from space 27136K, 99% used [0x00000000edf80000,0x00000000ef9fc968,0x00000000efa00000)
  to   space 33280K, 0% used [0x00000000ebf00000,0x00000000ebf00000,0x00000000edf80000)
 ParOldGen       total 184320K, used 69751K [0x0000000082400000, 0x000000008d800000, 0x00000000d6180000)
  object space 184320K, 37% used [0x0000000082400000,0x000000008681ddb0,0x000000008d800000)
 Metaspace       used 82309K, capacity 85464K, committed 85632K, reserved 1124352K
  class space    used 10401K, capacity 11053K, committed 11136K, reserved 1048576K
}
Event: 22.281 GC heap before
{Heap before GC invocations=18 (full 3):
 PSYoungGen      total 385024K, used 385010K [0x00000000d6180000, 0x00000000f0480000, 0x0000000100000000)
  eden space 357888K, 100% used [0x00000000d6180000,0x00000000ebf00000,0x00000000ebf00000)
  from space 27136K, 99% used [0x00000000edf80000,0x00000000ef9fc968,0x00000000efa00000)
  to   space 33280K, 0% used [0x00000000ebf00000,0x00000000ebf00000,0x00000000edf80000)
 ParOldGen       total 184320K, used 69751K [0x0000000082400000, 0x000000008d800000, 0x00000000d6180000)
  object space 184320K, 37% used [0x0000000082400000,0x000000008681ddb0,0x000000008d800000)
 Metaspace       used 88276K, capacity 92010K, committed 92416K, reserved 1130496K
  class space    used 11171K, capacity 11924K, committed 12032K, reserved 1048576K
Event: 22.314 GC heap after
Heap after GC invocations=18 (full 3):
 PSYoungGen      total 391168K, used 26385K [0x00000000d6180000, 0x00000000f2c80000, 0x0000000100000000)
  eden space 357888K, 0% used [0x00000000d6180000,0x00000000d6180000,0x00000000ebf00000)
  from space 33280K, 79% used [0x00000000ebf00000,0x00000000ed8c44b8,0x00000000edf80000)
  to   space 35328K, 0% used [0x00000000f0a00000,0x00000000f0a00000,0x00000000f2c80000)
 ParOldGen       total 184320K, used 78583K [0x0000000082400000, 0x000000008d800000, 0x00000000d6180000)
  object space 184320K, 42% used [0x0000000082400000,0x00000000870bdc70,0x000000008d800000)
 Metaspace       used 88276K, capacity 92010K, committed 92416K, reserved 1130496K
  class space    used 11171K, capacity 11924K, committed 12032K, reserved 1048576K
}
Event: 25.280 GC heap before
{Heap before GC invocations=19 (full 3):
 PSYoungGen      total 391168K, used 384273K [0x00000000d6180000, 0x00000000f2c80000, 0x0000000100000000)
  eden space 357888K, 100% used [0x00000000d6180000,0x00000000ebf00000,0x00000000ebf00000)
  from space 33280K, 79% used [0x00000000ebf00000,0x00000000ed8c44b8,0x00000000edf80000)
  to   space 35328K, 0% used [0x00000000f0a00000,0x00000000f0a00000,0x00000000f2c80000)
 ParOldGen       total 184320K, used 78583K [0x0000000082400000, 0x000000008d800000, 0x00000000d6180000)
  object space 184320K, 42% used [0x0000000082400000,0x00000000870bdc70,0x000000008d800000)
 Metaspace       used 92645K, capacity 96534K, committed 96896K, reserved 1134592K
  class space    used 11791K, capacity 12546K, committed 12672K, reserved 1048576K
Event: 25.301 GC heap after
Heap after GC invocations=19 (full 3):
 PSYoungGen      total 431104K, used 32211K [0x00000000d6180000, 0x00000000f3000000, 0x0000000100000000)
  eden space 395776K, 0% used [0x00000000d6180000,0x00000000d6180000,0x00000000ee400000)
  from space 35328K, 91% used [0x00000000f0a00000,0x00000000f2974e38,0x00000000f2c80000)
  to   space 38912K, 0% used [0x00000000ee400000,0x00000000ee400000,0x00000000f0a00000)
 ParOldGen       total 184320K, used 78591K [0x0000000082400000, 0x000000008d800000, 0x00000000d6180000)
  object space 184320K, 42% used [0x0000000082400000,0x00000000870bfc70,0x000000008d800000)
 Metaspace       used 92645K, capacity 96534K, committed 96896K, reserved 1134592K
  class space    used 11791K, capacity 12546K, committed 12672K, reserved 1048576K
}
Event: 48.375 GC heap before
{Heap before GC invocations=20 (full 3):
 PSYoungGen      total 431104K, used 75638K [0x00000000d6180000, 0x00000000f3000000, 0x0000000100000000)
  eden space 395776K, 10% used [0x00000000d6180000,0x00000000d8be8a18,0x00000000ee400000)
  from space 35328K, 91% used [0x00000000f0a00000,0x00000000f2974e38,0x00000000f2c80000)
  to   space 38912K, 0% used [0x00000000ee400000,0x00000000ee400000,0x00000000f0a00000)
 ParOldGen       total 184320K, used 78591K [0x0000000082400000, 0x000000008d800000, 0x00000000d6180000)
  object space 184320K, 42% used [0x0000000082400000,0x00000000870bfc70,0x000000008d800000)
 Metaspace       used 94581K, capacity 98522K, committed 98600K, reserved 1134592K
  class space    used 12024K, capacity 12816K, committed 12840K, reserved 1048576K
Event: 48.392 GC heap after
Heap after GC invocations=20 (full 3):
 PSYoungGen      total 434688K, used 25508K [0x00000000d6180000, 0x00000000f4700000, 0x0000000100000000)
  eden space 395776K, 0% used [0x00000000d6180000,0x00000000d6180000,0x00000000ee400000)
  from space 38912K, 65% used [0x00000000ee400000,0x00000000efce93b0,0x00000000f0a00000)
  to   space 39424K, 0% used [0x00000000f2080000,0x00000000f2080000,0x00000000f4700000)
 ParOldGen       total 184320K, used 78599K [0x0000000082400000, 0x000000008d800000, 0x00000000d6180000)
  object space 184320K, 42% used [0x0000000082400000,0x00000000870c1c70,0x000000008d800000)
 Metaspace       used 94581K, capacity 98522K, committed 98600K, reserved 1134592K
  class space    used 12024K, capacity 12816K, committed 12840K, reserved 1048576K
}
Event: 48.392 GC heap before
{Heap before GC invocations=21 (full 4):
 PSYoungGen      total 434688K, used 25508K [0x00000000d6180000, 0x00000000f4700000, 0x0000000100000000)
  eden space 395776K, 0% used [0x00000000d6180000,0x00000000d6180000,0x00000000ee400000)
  from space 38912K, 65% used [0x00000000ee400000,0x00000000efce93b0,0x00000000f0a00000)
  to   space 39424K, 0% used [0x00000000f2080000,0x00000000f2080000,0x00000000f4700000)
 ParOldGen       total 184320K, used 78599K [0x0000000082400000, 0x000000008d800000, 0x00000000d6180000)
  object space 184320K, 42% used [0x0000000082400000,0x00000000870c1c70,0x000000008d800000)
 Metaspace       used 94581K, capacity 98522K, committed 98600K, reserved 1134592K
  class space    used 12024K, capacity 12816K, committed 12840K, reserved 1048576K
Event: 48.592 GC heap after
Heap after GC invocations=21 (full 4):
 PSYoungGen      total 434688K, used 0K [0x00000000d6180000, 0x00000000f4700000, 0x0000000100000000)
  eden space 395776K, 0% used [0x00000000d6180000,0x00000000d6180000,0x00000000ee400000)
  from space 38912K, 0% used [0x00000000ee400000,0x00000000ee400000,0x00000000f0a00000)
  to   space 39424K, 0% used [0x00000000f2080000,0x00000000f2080000,0x00000000f4700000)
 ParOldGen       total 258560K, used 82630K [0x0000000082400000, 0x0000000092080000, 0x00000000d6180000)
  object space 258560K, 31% used [0x0000000082400000,0x00000000874b1b70,0x0000000092080000)
 Metaspace       used 94581K, capacity 98522K, committed 98600K, reserved 1134592K
  class space    used 12024K, capacity 12816K, committed 12840K, reserved 1048576K
}

